<?xml version="1.0" encoding="UTF-8"?>
<testng-results ignored="0" total="1" passed="1" failed="0" skipped="0">
  <reporter-output>
  </reporter-output>
  <suite started-at="2024-02-08T01:52:22 PST" name="Default suite" finished-at="2024-02-08T01:52:24 PST" duration-ms="1726">
    <groups>
    </groups>
    <test started-at="2024-02-08T01:52:22 PST" name="Default test" finished-at="2024-02-08T01:52:24 PST" duration-ms="1726">
      <class name="authentication.OAuth2">
        <test-method signature="oauth2()[pri:0, instance:authentication.OAuth2@77888435]" started-at="2024-02-08T01:52:22 PST" name="oauth2" finished-at="2024-02-08T01:52:24 PST" duration-ms="1690" status="PASS">
          <reporter-output>
          </reporter-output>
        </test-method> <!-- oauth2 -->
      </class> <!-- authentication.OAuth2 -->
    </test> <!-- Default test -->
  </suite> <!-- Default suite -->
</testng-results>
